   1              	 .syntax unified
   2              	 .cpu cortex-m4
   3              	 .eabi_attribute 27,3
   4              	 .fpu fpv4-sp-d16
   5              	 .eabi_attribute 20,1
   6              	 .eabi_attribute 21,1
   7              	 .eabi_attribute 23,3
   8              	 .eabi_attribute 24,1
   9              	 .eabi_attribute 25,1
  10              	 .eabi_attribute 26,1
  11              	 .eabi_attribute 30,6
  12              	 .eabi_attribute 34,1
  13              	 .eabi_attribute 18,4
  14              	 .thumb
  15              	 .file "app.c"
  16              	 .text
  17              	.Ltext0:
  18              	 .cfi_sections .debug_frame
  19              	 .global u16timerFlag
  20              	 .section .bss.u16timerFlag,"aw",%nobits
  21              	 .align 1
  24              	u16timerFlag:
  25 0000 0000     	 .space 2
  26              	 .global u16myTime
  27              	 .section .bss.u16myTime,"aw",%nobits
  28              	 .align 1
  31              	u16myTime:
  32 0000 0000     	 .space 2
  33              	 .global bMyTimeoutFlag
  34              	 .section .bss.bMyTimeoutFlag,"aw",%nobits
  37              	bMyTimeoutFlag:
  38 0000 00       	 .space 1
  39              	 .global bTxReady
  40              	 .section .bss.bTxReady,"aw",%nobits
  43              	bTxReady:
  44 0000 00       	 .space 1
  45              	 .global bRxReady
  46              	 .section .bss.bRxReady,"aw",%nobits
  49              	bRxReady:
  50 0000 00       	 .space 1
  51              	 .global __aeabi_i2d
  52              	 .global __aeabi_ddiv
  53              	 .global __aeabi_dmul
  54              	 .section .text.generateRandomTemperature,"ax",%progbits
  55              	 .align 2
  56              	 .global generateRandomTemperature
  57              	 .thumb
  58              	 .thumb_func
  60              	generateRandomTemperature:
  61              	.LFB343:
  62              	 .file 1 "../app.c"
   1:../app.c      **** /*
   2:../app.c      ****  * app.c
   3:../app.c      ****  *
   4:../app.c      ****  *  Created on: 6 Nov 2023
   5:../app.c      ****  *      Author: M67732
   6:../app.c      ****  */
   7:../app.c      **** 
   8:../app.c      **** #include "app.h"
   9:../app.c      **** 
  10:../app.c      **** // Global variables
  11:../app.c      **** volatile uint16_t u16timerFlag = 0;        // Flag indicating timer event
  12:../app.c      **** uint16_t u16myTime = 0;                      // Timeout value in seconds
  13:../app.c      **** 
  14:../app.c      **** bool bMyTimeoutFlag = false;                 // Timeout flag
  15:../app.c      **** volatile bool bTxReady = false;              // Transmission ready flag
  16:../app.c      **** volatile bool bRxReady = false;              // Reception ready flag
  17:../app.c      **** 
  18:../app.c      **** // Function to generate a random temperature value
  19:../app.c      **** double generateRandomTemperature() {
  63              	 .loc 1 19 0
  64              	 .cfi_startproc
  65              	 
  66              	 
  67 0000 80B5     	 push {r7,lr}
  68              	.LCFI0:
  69              	 .cfi_def_cfa_offset 8
  70              	 .cfi_offset 7,-8
  71              	 .cfi_offset 14,-4
  72 0002 00AF     	 add r7,sp,#0
  73              	.LCFI1:
  74              	 .cfi_def_cfa_register 7
  20:../app.c      **** 
  21:../app.c      ****     return (double)rand() / RAND_MAX * 100;
  75              	 .loc 1 21 0
  76 0004 FFF7FEFF 	 bl rand
  77 0008 0346     	 mov r3,r0
  78 000a 1846     	 mov r0,r3
  79 000c FFF7FEFF 	 bl __aeabi_i2d
  80 0010 0246     	 mov r2,r0
  81 0012 0B46     	 mov r3,r1
  82 0014 1046     	 mov r0,r2
  83 0016 1946     	 mov r1,r3
  84 0018 0AA3     	 adr r3,.L3+4
  85 001a D3E90023 	 ldrd r2,[r3]
  86 001e FFF7FEFF 	 bl __aeabi_ddiv
  87 0022 0246     	 mov r2,r0
  88 0024 0B46     	 mov r3,r1
  89 0026 1046     	 mov r0,r2
  90 0028 1946     	 mov r1,r3
  91 002a 4FF00002 	 mov r2,#0
  92 002e 044B     	 ldr r3,.L3
  93 0030 FFF7FEFF 	 bl __aeabi_dmul
  94 0034 0246     	 mov r2,r0
  95 0036 0B46     	 mov r3,r1
  22:../app.c      **** }
  96              	 .loc 1 22 0
  97 0038 1046     	 mov r0,r2
  98 003a 1946     	 mov r1,r3
  99 003c 80BD     	 pop {r7,pc}
 100              	.L4:
 101 003e 00BF     	 .align 3
 102              	.L3:
 103 0040 00005940 	 .word 1079574528
 104 0044 0000C0FF 	 .word -4194304
 105 0048 FFFFDF41 	 .word 1105199103
 106              	 .cfi_endproc
 107              	.LFE343:
 109 004c AFF30080 	 .section .text.setTimeout,"ax",%progbits
 110              	 .align 2
 111              	 .global setTimeout
 112              	 .thumb
 113              	 .thumb_func
 115              	setTimeout:
 116              	.LFB344:
  23:../app.c      **** 
  24:../app.c      **** // Set timeout value in seconds
  25:../app.c      **** void setTimeout(int16_t sec) {
 117              	 .loc 1 25 0
 118              	 .cfi_startproc
 119              	 
 120              	 
 121              	 
 122 0000 80B4     	 push {r7}
 123              	.LCFI2:
 124              	 .cfi_def_cfa_offset 4
 125              	 .cfi_offset 7,-4
 126 0002 83B0     	 sub sp,sp,#12
 127              	.LCFI3:
 128              	 .cfi_def_cfa_offset 16
 129 0004 00AF     	 add r7,sp,#0
 130              	.LCFI4:
 131              	 .cfi_def_cfa_register 7
 132 0006 0346     	 mov r3,r0
 133 0008 FB80     	 strh r3,[r7,#6]
  26:../app.c      **** 
  27:../app.c      **** 	u16myTime = sec;
 134              	 .loc 1 27 0
 135 000a FA88     	 ldrh r2,[r7,#6]
 136 000c 034B     	 ldr r3,.L6
 137 000e 1A80     	 strh r2,[r3]
  28:../app.c      **** }
 138              	 .loc 1 28 0
 139 0010 0C37     	 adds r7,r7,#12
 140              	.LCFI5:
 141              	 .cfi_def_cfa_offset 4
 142 0012 BD46     	 mov sp,r7
 143              	.LCFI6:
 144              	 .cfi_def_cfa_register 13
 145              	 
 146 0014 5DF8047B 	 ldr r7,[sp],#4
 147              	.LCFI7:
 148              	 .cfi_restore 7
 149              	 .cfi_def_cfa_offset 0
 150 0018 7047     	 bx lr
 151              	.L7:
 152 001a 00BF     	 .align 2
 153              	.L6:
 154 001c 00000000 	 .word u16myTime
 155              	 .cfi_endproc
 156              	.LFE344:
 158              	 .section .text.isTimeout,"ax",%progbits
 159              	 .align 2
 160              	 .global isTimeout
 161              	 .thumb
 162              	 .thumb_func
 164              	isTimeout:
 165              	.LFB345:
  29:../app.c      **** 
  30:../app.c      **** // Check if a timeout has occurred
  31:../app.c      **** bool isTimeout(void) {
 166              	 .loc 1 31 0
 167              	 .cfi_startproc
 168              	 
 169              	 
 170              	 
 171 0000 80B4     	 push {r7}
 172              	.LCFI8:
 173              	 .cfi_def_cfa_offset 4
 174              	 .cfi_offset 7,-4
 175 0002 00AF     	 add r7,sp,#0
 176              	.LCFI9:
 177              	 .cfi_def_cfa_register 7
  32:../app.c      **** 
  33:../app.c      **** 	if (bMyTimeoutFlag) {
 178              	 .loc 1 33 0
 179 0004 074B     	 ldr r3,.L11
 180 0006 1B78     	 ldrb r3,[r3]
 181 0008 002B     	 cmp r3,#0
 182 000a 04D0     	 beq .L9
  34:../app.c      **** 		bMyTimeoutFlag = false;              // Reset the timeout flag
 183              	 .loc 1 34 0
 184 000c 054B     	 ldr r3,.L11
 185 000e 0022     	 movs r2,#0
 186 0010 1A70     	 strb r2,[r3]
  35:../app.c      **** 		return true;
 187              	 .loc 1 35 0
 188 0012 0123     	 movs r3,#1
 189 0014 00E0     	 b .L10
 190              	.L9:
  36:../app.c      **** 	}
  37:../app.c      **** 	return false;
 191              	 .loc 1 37 0
 192 0016 0023     	 movs r3,#0
 193              	.L10:
  38:../app.c      **** }
 194              	 .loc 1 38 0
 195 0018 1846     	 mov r0,r3
 196 001a BD46     	 mov sp,r7
 197              	.LCFI10:
 198              	 .cfi_def_cfa_register 13
 199              	 
 200 001c 5DF8047B 	 ldr r7,[sp],#4
 201              	.LCFI11:
 202              	 .cfi_restore 7
 203              	 .cfi_def_cfa_offset 0
 204 0020 7047     	 bx lr
 205              	.L12:
 206 0022 00BF     	 .align 2
 207              	.L11:
 208 0024 00000000 	 .word bMyTimeoutFlag
 209              	 .cfi_endproc
 210              	.LFE345:
 212              	 .section .text.CCU43_1_IRQHandler,"ax",%progbits
 213              	 .align 2
 214              	 .global CCU43_1_IRQHandler
 215              	 .thumb
 216              	 .thumb_func
 218              	CCU43_1_IRQHandler:
 219              	.LFB346:
  39:../app.c      **** 
  40:../app.c      **** // Timer0 interrupt service routine
  41:../app.c      **** void Timer0_ISR(void) {
 220              	 .loc 1 41 0
 221              	 .cfi_startproc
 222              	 
 223              	 
 224              	 
 225 0000 80B4     	 push {r7}
 226              	.LCFI12:
 227              	 .cfi_def_cfa_offset 4
 228              	 .cfi_offset 7,-4
 229 0002 00AF     	 add r7,sp,#0
 230              	.LCFI13:
 231              	 .cfi_def_cfa_register 7
  42:../app.c      **** 
  43:../app.c      **** 	u16timerFlag = 1;
 232              	 .loc 1 43 0
 233 0004 0B4B     	 ldr r3,.L15
 234 0006 0122     	 movs r2,#1
 235 0008 1A80     	 strh r2,[r3]
  44:../app.c      **** 
  45:../app.c      **** 	if (u16myTime) {
 236              	 .loc 1 45 0
 237 000a 0B4B     	 ldr r3,.L15+4
 238 000c 1B88     	 ldrh r3,[r3]
 239 000e 002B     	 cmp r3,#0
 240 0010 0CD0     	 beq .L13
  46:../app.c      **** 		u16myTime--;
 241              	 .loc 1 46 0
 242 0012 094B     	 ldr r3,.L15+4
 243 0014 1B88     	 ldrh r3,[r3]
 244 0016 013B     	 subs r3,r3,#1
 245 0018 9AB2     	 uxth r2,r3
 246 001a 074B     	 ldr r3,.L15+4
 247 001c 1A80     	 strh r2,[r3]
  47:../app.c      **** 		if (u16myTime == 0)
 248              	 .loc 1 47 0
 249 001e 064B     	 ldr r3,.L15+4
 250 0020 1B88     	 ldrh r3,[r3]
 251 0022 002B     	 cmp r3,#0
 252 0024 02D1     	 bne .L13
  48:../app.c      **** 			bMyTimeoutFlag = true; // Set timeout flag when the timer reaches zero
 253              	 .loc 1 48 0
 254 0026 054B     	 ldr r3,.L15+8
 255 0028 0122     	 movs r2,#1
 256 002a 1A70     	 strb r2,[r3]
 257              	.L13:
  49:../app.c      **** 	}
  50:../app.c      **** }
 258              	 .loc 1 50 0
 259 002c BD46     	 mov sp,r7
 260              	.LCFI14:
 261              	 .cfi_def_cfa_register 13
 262              	 
 263 002e 5DF8047B 	 ldr r7,[sp],#4
 264              	.LCFI15:
 265              	 .cfi_restore 7
 266              	 .cfi_def_cfa_offset 0
 267 0032 7047     	 bx lr
 268              	.L16:
 269              	 .align 2
 270              	.L15:
 271 0034 00000000 	 .word u16timerFlag
 272 0038 00000000 	 .word u16myTime
 273 003c 00000000 	 .word bMyTimeoutFlag
 274              	 .cfi_endproc
 275              	.LFE346:
 277              	 .section .text.endOfTransmissionCB_ISR,"ax",%progbits
 278              	 .align 2
 279              	 .global endOfTransmissionCB_ISR
 280              	 .thumb
 281              	 .thumb_func
 283              	endOfTransmissionCB_ISR:
 284              	.LFB347:
  51:../app.c      **** 
  52:../app.c      **** // Callback function for the end of transmission
  53:../app.c      **** void endOfTransmissionCB_ISR(void) {
 285              	 .loc 1 53 0
 286              	 .cfi_startproc
 287              	 
 288              	 
 289              	 
 290 0000 80B4     	 push {r7}
 291              	.LCFI16:
 292              	 .cfi_def_cfa_offset 4
 293              	 .cfi_offset 7,-4
 294 0002 00AF     	 add r7,sp,#0
 295              	.LCFI17:
 296              	 .cfi_def_cfa_register 7
  54:../app.c      **** 
  55:../app.c      **** 	bTxReady = true;                          // Set transmission ready flag
 297              	 .loc 1 55 0
 298 0004 034B     	 ldr r3,.L18
 299 0006 0122     	 movs r2,#1
 300 0008 1A70     	 strb r2,[r3]
  56:../app.c      **** }
 301              	 .loc 1 56 0
 302 000a BD46     	 mov sp,r7
 303              	.LCFI18:
 304              	 .cfi_def_cfa_register 13
 305              	 
 306 000c 5DF8047B 	 ldr r7,[sp],#4
 307              	.LCFI19:
 308              	 .cfi_restore 7
 309              	 .cfi_def_cfa_offset 0
 310 0010 7047     	 bx lr
 311              	.L19:
 312 0012 00BF     	 .align 2
 313              	.L18:
 314 0014 00000000 	 .word bTxReady
 315              	 .cfi_endproc
 316              	.LFE347:
 318              	 .section .text.endOfReceptionCB_ISR,"ax",%progbits
 319              	 .align 2
 320              	 .global endOfReceptionCB_ISR
 321              	 .thumb
 322              	 .thumb_func
 324              	endOfReceptionCB_ISR:
 325              	.LFB348:
  57:../app.c      **** 
  58:../app.c      **** // Callback function for the end of reception
  59:../app.c      **** void endOfReceptionCB_ISR(void) {
 326              	 .loc 1 59 0
 327              	 .cfi_startproc
 328              	 
 329              	 
 330              	 
 331 0000 80B4     	 push {r7}
 332              	.LCFI20:
 333              	 .cfi_def_cfa_offset 4
 334              	 .cfi_offset 7,-4
 335 0002 00AF     	 add r7,sp,#0
 336              	.LCFI21:
 337              	 .cfi_def_cfa_register 7
  60:../app.c      **** 
  61:../app.c      **** 	bRxReady = true;                          // Set reception ready flag
 338              	 .loc 1 61 0
 339 0004 034B     	 ldr r3,.L21
 340 0006 0122     	 movs r2,#1
 341 0008 1A70     	 strb r2,[r3]
  62:../app.c      **** }
 342              	 .loc 1 62 0
 343 000a BD46     	 mov sp,r7
 344              	.LCFI22:
 345              	 .cfi_def_cfa_register 13
 346              	 
 347 000c 5DF8047B 	 ldr r7,[sp],#4
 348              	.LCFI23:
 349              	 .cfi_restore 7
 350              	 .cfi_def_cfa_offset 0
 351 0010 7047     	 bx lr
 352              	.L22:
 353 0012 00BF     	 .align 2
 354              	.L21:
 355 0014 00000000 	 .word bRxReady
 356              	 .cfi_endproc
 357              	.LFE348:
 359              	 .text
 360              	.Letext0:
 361              	 .file 2 "c:\\infineon\\tools\\dave ide\\4.5.0.202105191637\\eclipse\\arm-gcc-49\\arm-none-eabi\\include\\machine\\_default_types.h"
 362              	 .file 3 "c:\\infineon\\tools\\dave ide\\4.5.0.202105191637\\eclipse\\arm-gcc-49\\arm-none-eabi\\include\\stdint.h"
 363              	 .file 4 "C:/MCHP/Customers/BMZ/proof of concept/work/XMC4700_AnyCloud/Libraries/XMCLib/inc/xmc_usic.h"
 364              	 .file 5 "C:/MCHP/Customers/BMZ/proof of concept/work/XMC4700_AnyCloud/Libraries/CMSIS/Include/cmsis_gcc.h"
 365              	 .file 6 "C:/MCHP/Customers/BMZ/proof of concept/work/XMC4700_AnyCloud/Libraries/CMSIS/Include/core_cm4.h"
 366              	 .file 7 "C:/MCHP/Customers/BMZ/proof of concept/work/XMC4700_AnyCloud/Libraries/CMSIS/Infineon/XMC4700_series/Include/system_XMC4700.h"
DEFINED SYMBOLS
                            *ABS*:00000000 app.c
    {standard input}:24     .bss.u16timerFlag:00000000 u16timerFlag
    {standard input}:21     .bss.u16timerFlag:00000000 $d
    {standard input}:31     .bss.u16myTime:00000000 u16myTime
    {standard input}:28     .bss.u16myTime:00000000 $d
    {standard input}:37     .bss.bMyTimeoutFlag:00000000 bMyTimeoutFlag
    {standard input}:38     .bss.bMyTimeoutFlag:00000000 $d
    {standard input}:43     .bss.bTxReady:00000000 bTxReady
    {standard input}:44     .bss.bTxReady:00000000 $d
    {standard input}:49     .bss.bRxReady:00000000 bRxReady
    {standard input}:50     .bss.bRxReady:00000000 $d
    {standard input}:55     .text.generateRandomTemperature:00000000 $t
    {standard input}:60     .text.generateRandomTemperature:00000000 generateRandomTemperature
    {standard input}:103    .text.generateRandomTemperature:00000040 $d
    {standard input}:110    .text.setTimeout:00000000 $t
    {standard input}:115    .text.setTimeout:00000000 setTimeout
    {standard input}:154    .text.setTimeout:0000001c $d
    {standard input}:159    .text.isTimeout:00000000 $t
    {standard input}:164    .text.isTimeout:00000000 isTimeout
    {standard input}:208    .text.isTimeout:00000024 $d
    {standard input}:213    .text.CCU43_1_IRQHandler:00000000 $t
    {standard input}:218    .text.CCU43_1_IRQHandler:00000000 CCU43_1_IRQHandler
    {standard input}:271    .text.CCU43_1_IRQHandler:00000034 $d
    {standard input}:278    .text.endOfTransmissionCB_ISR:00000000 $t
    {standard input}:283    .text.endOfTransmissionCB_ISR:00000000 endOfTransmissionCB_ISR
    {standard input}:314    .text.endOfTransmissionCB_ISR:00000014 $d
    {standard input}:319    .text.endOfReceptionCB_ISR:00000000 $t
    {standard input}:324    .text.endOfReceptionCB_ISR:00000000 endOfReceptionCB_ISR
    {standard input}:355    .text.endOfReceptionCB_ISR:00000014 $d
                     .debug_frame:00000010 $d
    {standard input}:109    .text.generateRandomTemperature:0000004c $t

UNDEFINED SYMBOLS
__aeabi_i2d
__aeabi_ddiv
__aeabi_dmul
rand
